This is pdfeTeX, Version 3.141592-1.20a-2.2 (Web2C 7.5.3) (format=pdflatex 2005.4.29)  27 APR 2006 16:03
entering extended mode
\write18 enabled.
**sift-descriptor.tex
(./sift-descriptor.tex
LaTeX2e <2003/12/01>
Babel <v3.8d> and hyphenation patterns for american, french, german, ngerman, d
utch, italian, norsk, portuges, spanish, swedish, nohyphenation, loaded.
(/usr/local/teTeX/share/texmf.tetex/tex/latex/base/article.cls
Document Class: article 2004/02/16 v1.4f Standard LaTeX document class
(/usr/local/teTeX/share/texmf.tetex/tex/latex/base/size10.clo
File: size10.clo 2004/02/16 v1.4f Standard LaTeX file (size option)
)
\c@part=\count79
\c@section=\count80
\c@subsection=\count81
\c@subsubsection=\count82
\c@paragraph=\count83
\c@subparagraph=\count84
\c@figure=\count85
\c@table=\count86
\abovecaptionskip=\skip41
\belowcaptionskip=\skip42
\bibindent=\dimen102
)
(/usr/local/teTeX/share/texmf.tetex/tex/latex/amsmath/amsmath.sty
Package: amsmath 2000/07/18 v2.13 AMS math features
\@mathmargin=\skip43

For additional information on amsmath, use the `?' option.
(/usr/local/teTeX/share/texmf.tetex/tex/latex/amsmath/amstext.sty
Package: amstext 2000/06/29 v2.01

(/usr/local/teTeX/share/texmf.tetex/tex/latex/amsmath/amsgen.sty
File: amsgen.sty 1999/11/30 v2.0
\@emptytoks=\toks14
\ex@=\dimen103
))
(/usr/local/teTeX/share/texmf.tetex/tex/latex/amsmath/amsbsy.sty
Package: amsbsy 1999/11/29 v1.2d
\pmbraise@=\dimen104
)
(/usr/local/teTeX/share/texmf.tetex/tex/latex/amsmath/amsopn.sty
Package: amsopn 1999/12/14 v2.01 operator names
)
\inf@bad=\count87
LaTeX Info: Redefining \frac on input line 211.
\uproot@=\count88
\leftroot@=\count89
LaTeX Info: Redefining \overline on input line 307.
\classnum@=\count90
\DOTSCASE@=\count91
LaTeX Info: Redefining \ldots on input line 379.
LaTeX Info: Redefining \dots on input line 382.
LaTeX Info: Redefining \cdots on input line 467.
\Mathstrutbox@=\box26
\strutbox@=\box27
\big@size=\dimen105
LaTeX Font Info:    Redeclaring font encoding OML on input line 567.
LaTeX Font Info:    Redeclaring font encoding OMS on input line 568.
\macc@depth=\count92
\c@MaxMatrixCols=\count93
\dotsspace@=\muskip10
\c@parentequation=\count94
\dspbrk@lvl=\count95
\tag@help=\toks15
\row@=\count96
\column@=\count97
\maxfields@=\count98
\andhelp@=\toks16
\eqnshift@=\dimen106
\alignsep@=\dimen107
\tagshift@=\dimen108
\tagwidth@=\dimen109
\totwidth@=\dimen110
\lineht@=\dimen111
\@envbody=\toks17
\multlinegap=\skip44
\multlinetaggap=\skip45
\mathdisplay@stack=\toks18
LaTeX Info: Redefining \[ on input line 2666.
LaTeX Info: Redefining \] on input line 2667.
)
(/usr/local/teTeX/share/texmf.tetex/tex/latex/amsfonts/amssymb.sty
Package: amssymb 2002/01/22 v2.2d

(/usr/local/teTeX/share/texmf.tetex/tex/latex/amsfonts/amsfonts.sty
Package: amsfonts 2001/10/25 v2.2f
\symAMSa=\mathgroup4
\symAMSb=\mathgroup5
LaTeX Font Info:    Overwriting math alphabet `\mathfrak' in version `bold'
(Font)                  U/euf/m/n --> U/euf/b/n on input line 132.
))
(/usr/local/teTeX/share/texmf.tetex/tex/latex/amscls/amsthm.sty
Package: amsthm 2004/08/06 v2.20
\thm@style=\toks19
\thm@bodyfont=\toks20
\thm@headfont=\toks21
\thm@notefont=\toks22
\thm@headpunct=\toks23
\thm@preskip=\skip46
\thm@postskip=\skip47
\thm@headsep=\skip48
\dth@everypar=\toks24
)
(/usr/local/teTeX/share/texmf.tetex/tex/latex/base/exscale.sty
Package: exscale 1997/06/16 v2.1g Standard LaTeX package exscale
LaTeX Font Info:    Redeclaring symbol font `largesymbols' on input line 52.
LaTeX Font Info:    Overwriting symbol font `largesymbols' in version `normal'
(Font)                  OMX/cmex/m/n --> OMX/cmex/m/n on input line 52.
LaTeX Font Info:    Overwriting symbol font `largesymbols' in version `bold'
(Font)                  OMX/cmex/m/n --> OMX/cmex/m/n on input line 52.
\big@size=\dimen112
)
(/usr/local/teTeX/share/texmf.tetex/tex/latex/jknappen/mathrsfs.sty
Package: mathrsfs 1996/01/01 Math RSFS package v1.0 (jk)
\symrsfs=\mathgroup6
)
(/usr/local/teTeX/share/texmf.tetex/tex/latex/base/ifthen.sty
Package: ifthen 2001/05/26 v1.1c Standard LaTeX ifthen package (DPC)
)
(/usr/local/teTeX/share/texmf.tetex/tex/latex/graphics/graphicx.sty
Package: graphicx 1999/02/16 v1.0f Enhanced LaTeX Graphics (DPC,SPQR)

(/usr/local/teTeX/share/texmf.tetex/tex/latex/graphics/keyval.sty
Package: keyval 1999/03/16 v1.13 key=value parser (DPC)
\KV@toks@=\toks25
)
(/usr/local/teTeX/share/texmf.tetex/tex/latex/graphics/graphics.sty
Package: graphics 2001/07/07 v1.0n Standard LaTeX Graphics (DPC,SPQR)

(/usr/local/teTeX/share/texmf.tetex/tex/latex/graphics/trig.sty
Package: trig 1999/03/16 v1.09 sin cos tan (DPC)
)
(/usr/local/teTeX/share/texmf.tetex/tex/latex/graphics/graphics.cfg
File: graphics.cfg 2005/02/03 v1.3 graphics configuration of teTeX/TeXLive
)
Package graphics Info: Driver file: pdftex.def on input line 80.

(/usr/local/teTeX/share/texmf.tetex/tex/latex/graphics/pdftex.def
File: pdftex.def 2002/06/19 v0.03k graphics/color for pdftex
\Gread@gobject=\count99
))
\Gin@req@height=\dimen113
\Gin@req@width=\dimen114
)
(/usr/local/teTeX/share/texmf.tetex/tex/latex/graphics/color.sty
Package: color 1999/02/16 v1.0i Standard LaTeX Color (DPC)

(/usr/local/teTeX/share/texmf.tetex/tex/latex/graphics/color.cfg
File: color.cfg 2005/02/03 v1.3 color configuration of teTeX/TeXLive
)
Package color Info: Driver file: pdftex.def on input line 125.

(/usr/local/teTeX/share/texmf.tetex/tex/latex/graphics/dvipsnam.def
File: dvipsnam.def 1999/02/16 v3.0i Driver-dependant file (DPC,SPQR)
))
\whiteborder=\skip49

(/usr/local/teTeX/share/texmf.tetex/tex/generic/xypic/xy.sty
(/usr/local/teTeX/share/texmf.tetex/tex/generic/xypic/xy.tex Bootstrap'ing:
catcodes, docmode,
(/usr/local/teTeX/share/texmf.tetex/tex/generic/xypic/xyrecat.tex)
(/usr/local/teTeX/share/texmf.tetex/tex/generic/xypic/xyidioms.tex)

 Xy-pic version 3.7 <1999/02/16>
 Copyright (c) 1991-1998 by Kristoffer H. Rose <krisrose@ens-lyon.fr>
 Xy-pic is free software: see the User's Guide for details.

Loading kernel: messages; fonts; allocations: state,
\X@c=\dimen115
\Y@c=\dimen116
\U@c=\dimen117
\D@c=\dimen118
\L@c=\dimen119
\R@c=\dimen120
\Edge@c=\toks26
\X@p=\dimen121
\Y@p=\dimen122
\U@p=\dimen123
\D@p=\dimen124
\L@p=\dimen125
\R@p=\dimen126
\Edge@p=\toks27
\X@origin=\dimen127
\Y@origin=\dimen128
\X@xbase=\dimen129
\Y@xbase=\dimen130
\X@ybase=\dimen131
\Y@ybase=\dimen132
\X@min=\dimen133
\Y@min=\dimen134
\X@max=\dimen135
\Y@max=\dimen136
\lastobjectbox@=\box28
\zerodotbox@=\box29
\almostz@=\dimen137
 direction,
\d@X=\dimen138
\d@Y=\dimen139
\K@=\count100
\KK@=\count101
\Direction=\count102
\K@dXdY=\dimen140
\K@dYdX=\dimen141
\xyread@=\read1
\xywrite@=\write3
\csp@=\count103
\quotPTK@=\dimen142

utility macros; pictures: \xy, positions,
\swaptoks@@=\toks28
\connectobjectbox@@=\box30
 objects,
\styletoks@=\toks29
 decorations;
kernel objects: directionals, circles, text; options; algorithms: directions,
edges, connections;  Xy-pic loaded)
Package: xy 1999/02/16 Xy-pic version 3.7

(/usr/local/teTeX/share/texmf.tetex/tex/generic/xypic/xyall.tex
 Xy-pic option: All features v.3.3
(/usr/local/teTeX/share/texmf.tetex/tex/generic/xypic/xycurve.tex
 Xy-pic option: Curve and Spline extension v.3.7 curve,
\crv@cnt@=\count104
\crvpts@=\toks30
\splinebox@=\box31
\splineval@=\dimen143
\splinedepth@=\dimen144
\splinetol@=\dimen145
\splinelength@=\dimen146
 circles,
\L@=\dimen147
 loaded)
(/usr/local/teTeX/share/texmf.tetex/tex/generic/xypic/xyframe.tex
 Xy-pic option: Frame and Bracket extension v.3.7 loaded)
(/usr/local/teTeX/share/texmf.tetex/tex/generic/xypic/xycmtip.tex
 Xy-pic option: Computer Modern tip extension v.3.3
(/usr/local/teTeX/share/texmf.tetex/tex/generic/xypic/xytips.tex
 Xy-pic option: More Tips extension v.3.3 loaded) loaded)
(/usr/local/teTeX/share/texmf.tetex/tex/generic/xypic/xyline.tex
 Xy-pic option: Line styles extension v.3.6
\xylinethick@=\dimen148
 loaded)
(/usr/local/teTeX/share/texmf.tetex/tex/generic/xypic/xyrotate.tex
 Xy-pic option: Rotate and Scale extension v.3.3 loaded)
(/usr/local/teTeX/share/texmf.tetex/tex/generic/xypic/xycolor.tex
 Xy-pic option: Colour extension v.3.3 loaded)
(/usr/local/teTeX/share/texmf.tetex/tex/generic/xypic/xymatrix.tex
 Xy-pic option: Matrix feature v.3.4
\Row=\count105
\Col=\count106
\queue@=\toks31
\queue@@=\toks32
\qcount@=\count107
\qcount@@=\count108
\matrixsize@=\count109
 loaded)
(/usr/local/teTeX/share/texmf.tetex/tex/generic/xypic/xyarrow.tex
 Xy-pic option: Arrow and Path feature v.3.5 path, \ar, loaded)
(/usr/local/teTeX/share/texmf.tetex/tex/generic/xypic/xygraph.tex
 Xy-pic option: Graph feature v.3.7 loaded) loaded)
(/usr/local/teTeX/share/texmf.tetex/tex/generic/xypic/xycolor.tex
 Xy-pic option: Colour extension v.3.3 not reloaded)
(/usr/local/teTeX/share/texmf.tetex/tex/generic/xypic/xyframe.tex
 Xy-pic option: Frame and Bracket extension v.3.7 not reloaded)
(/usr/local/teTeX/share/texmf.tetex/tex/generic/xypic/xyimport.tex
 Xy-pic option: Import graphics extension v.3.6 loaded)) (./warmread.sty
\wrmread=\read2
\wrm@write=\read3
\wrmcounter=\count110
\wrmdatacounter=\count111
\wrm@tmpfile=\write4
\BBexpansiontoks=\toks33
\WARM@ExpansionToks=\toks34
\ParenPointToks=\toks35
\AdobeMoPointToks=\toks36
\MmaBBexpansiontoks=\toks37
\MmaARexpansiontoks=\toks38
\MmaPointToks=\toks39
\MmaCityToks=\toks40
\LatLongToks=\toks41
\CBexpansiontoks=\toks42
\MTexpansiontoks=\toks43
\interp@counter=\count112
)
\shipoutbox=\box32

No file sift-descriptor.aux.
\openout1 = `sift-descriptor.aux'.

LaTeX Font Info:    Checking defaults for OML/cmm/m/it on input line 78.
LaTeX Font Info:    ... okay on input line 78.
LaTeX Font Info:    Checking defaults for T1/cmr/m/n on input line 78.
LaTeX Font Info:    ... okay on input line 78.
LaTeX Font Info:    Checking defaults for OT1/cmr/m/n on input line 78.
LaTeX Font Info:    ... okay on input line 78.
LaTeX Font Info:    Checking defaults for OMS/cmsy/m/n on input line 78.
LaTeX Font Info:    ... okay on input line 78.
LaTeX Font Info:    Checking defaults for OMX/cmex/m/n on input line 78.
LaTeX Font Info:    ... okay on input line 78.
LaTeX Font Info:    Checking defaults for U/cmr/m/n on input line 78.
LaTeX Font Info:    ... okay on input line 78.
(/usr/local/teTeX/share/texmf.tetex/tex/context/base/supp-pdf.tex
(/usr/local/teTeX/share/texmf.tetex/tex/context/base/supp-mis.tex
loading : Context Support Macros / Miscellaneous (2004.10.26)
\protectiondepth=\count113
\scratchcounter=\count114
\scratchtoks=\toks44
\scratchdimen=\dimen149
\scratchskip=\skip50
\scratchmuskip=\muskip11
\scratchbox=\box33
\scratchread=\read4
\scratchwrite=\write5
\zeropoint=\dimen150
\onepoint=\dimen151
\onebasepoint=\dimen152
\minusone=\count115
\thousandpoint=\dimen153
\onerealpoint=\dimen154
\emptytoks=\toks45
\nextbox=\box34
\nextdepth=\dimen155
\everyline=\toks46
\!!counta=\count116
\!!countb=\count117
\recursecounter=\count118
)
loading : Context Support Macros / PDF (2004.03.26)
\nofMPsegments=\count119
\nofMParguments=\count120
\MPscratchCnt=\count121
\MPscratchDim=\dimen156
\MPnumerator=\count122
\everyMPtoPDFconversion=\toks47
)
file: ./sift-descriptor-AI.bb
Bounding Box is (0,0)->(240,111)
Marked '2' point at (118,46) for $x_1$.
Marked '3' point at (55,109) for $x_2$.
Marked '4' point at (-16,46) for $N_p$.
Marked '12' point at (179,6) for $m\sigma $.
Found 4 data points.
<./sift-descriptor-AI.pdf, id=1, 614.295pt x 794.97pt>
File: ./sift-descriptor-AI.pdf Graphic file (type pdf)

<use ./sift-descriptor-AI.pdf>
\openout4 = `sift-descriptor.wrm'.


WRM1:$x_1$: (118,46)
LaTeX Font Info:    External font `cmex7' loaded for size
(Font)              <7> on input line 103.
LaTeX Font Info:    External font `cmex7' loaded for size
(Font)              <5> on input line 103.
LaTeX Font Info:    Try loading font information for U+msa on input line 103.
(/usr/local/teTeX/share/texmf.tetex/tex/latex/amsfonts/umsa.fd
File: umsa.fd 2002/01/19 v2.2g AMS font definitions
)
LaTeX Font Info:    Try loading font information for U+msb on input line 103.

(/usr/local/teTeX/share/texmf.tetex/tex/latex/amsfonts/umsb.fd
File: umsb.fd 2002/01/19 v2.2g AMS font definitions
)
LaTeX Font Info:    Try loading font information for U+rsfs on input line 103.

(/usr/local/teTeX/share/texmf.tetex/tex/latex/jknappen/ursfs.fd
File: ursfs.fd 1998/03/24 rsfs font definition file (jk)
)
\openout4 = `sift-descriptor.wrm'.


WRM2:$x_2$: (55,109)
\openout4 = `sift-descriptor.wrm'.

WRM3:$N_p$: (-16,46)
\openout4 = `sift-descriptor.wrm'.

WRM4:$m\sigma $: (179,6)
[1{/usr/local/teTeX/share/texmf.local/fonts/map/pdftex/updmap/pdftex.map} <./si
ft-descriptor-AI.pdf>] (./sift-descriptor.aux) ) 
Here is how much of TeX's memory you used:
 4715 strings out of 95217
 59372 string characters out of 4934538
 2144300 words of memory out of 4599135
 7756 multiletter control sequences out of 10000+50000
 6750 words of font info for 31 fonts, out of 2000000 for 2000
 58 hyphenation exceptions out of 1000
 33i,13n,27p,231b,259s stack positions out of 1500i,500n,5000p,200000b,5000s
 76 PDF objects out of 300000
 0 named destinations out of 131072
 6 words of extra memory for PDF output out of 65536
</usr/local/teTeX/share/texmf.t
etex/fonts/type1/bluesky/cm/cmmi7.pfb></usr/local/teTeX/share/texmf.tetex/fonts
/type1/bluesky/cm/cmr7.pfb></usr/local/teTeX/share/texmf.tetex/fonts/type1/blue
sky/cm/cmmi10.pfb>
Output written on sift-descriptor.pdf (1 page, 443880 bytes).
