#
# A fatal error has been detected by the Java Runtime Environment:
#
#  EXCEPTION_ACCESS_VIOLATION (0xc0000005) at pc=0x000000007322c750, pid=2492, tid=3864
#
# JRE version: 6.0_17-b04
# Java VM: Java HotSpot(TM) 64-Bit Server VM (14.3-b01 mixed mode windows-amd64 )
# Problematic frame:
# C  [awt.dll+0xdc750]
#
# If you would like to submit a bug report, please visit:
#   http://java.sun.com/webapps/bugreport/crash.jsp
# The crash happened outside the Java Virtual Machine in native code.
# See problematic frame for where to report the bug.
#

---------------  T H R E A D  ---------------

Current thread (0x0000000040bdd000):  JavaThread "AWT-EventQueue-0" [_thread_in_native, id=3864, stack(0x0000000005290000,0x0000000005310000)]

siginfo: ExceptionCode=0xc0000005, reading address 0x0000000000000008

Registers:
EAX=0x000000000000000d, EBX=0x0000000040bdd1b8, ECX=0x0000000000000000, EDX=0x000000006c011928
ESP=0x000000000530e378, EBP=0x000000003aa5d420, ESI=0x0000000040bdd1b8, EDI=0x0000000042ab7e50
EIP=0x000000007322c750, EFLAGS=0x0000000000010202

Top of Stack: (sp=0x000000000530e378)
0x000000000530e378:   00000000731d589c 0000000000000000
0x000000000530e388:   0000000040bdd1b8 000000003aa5d420
0x000000000530e398:   0000000040bdd1b8 0000000011e0faf4
0x000000000530e3a8:   0000000040bdd1b8 0000000016724aa8
0x000000000530e3b8:   00000000731b3810 0000000040bdd1b8
0x000000000530e3c8:   000000000530ea98 000000000530eb10
0x000000000530e3d8:   000000003aa5d420 000000002681a5e0
0x000000000530e3e8:   00000000731d2151 000000001d0f4370
0x000000000530e3f8:   000000000530eb08 00000000263df728
0x000000000530e408:   000000000530eb10 0000001700000000
0x000000000530e418:   0000000000000017 0000000000000031
0x000000000530e428:   00000000119e2070 0000000000000000
0x000000000530e438:   0000000011e0fb20 0000000000000000
0x000000000530e448:   0000000016ae7dc0 000000000530e4b8
0x000000000530e458:   0000000011885ac2 0000000011885ac2
0x000000000530e468:   000000002681a3c8 000000001d69a950 

Instructions: (pc=0x000000007322c750)
0x000000007322c740:   48 8b 41 08 48 8b 80 18 0c 00 00 c3 cc cc cc cc
0x000000007322c750:   48 8b 49 08 48 85 c9 74 05 e9 72 f6 fd ff 33 c0 


Stack: [0x0000000005290000,0x0000000005310000],  sp=0x000000000530e378,  free space=504k
Native frames: (J=compiled Java code, j=interpreted, Vv=VM code, C=native code)
C  [awt.dll+0xdc750]

Java frames: (J=compiled Java code, j=interpreted, Vv=VM code)
j  sun.java2d.windows.GDIBlitLoops.nativeBlit(Lsun/java2d/SurfaceData;Lsun/java2d/SurfaceData;Lsun/java2d/pipe/Region;IIIIIIIIIZ)V+0
j  sun.java2d.windows.GDIBlitLoops.Blit(Lsun/java2d/SurfaceData;Lsun/java2d/SurfaceData;Ljava/awt/Composite;Lsun/java2d/pipe/Region;IIIIII)V+33
J  sun.java2d.pipe.DrawImage.copyImage(Lsun/java2d/SunGraphics2D;Ljava/awt/Image;IILjava/awt/Color;Ljava/awt/image/ImageObserver;)Z
J  sun.java2d.SunGraphics2D.drawImage(Ljava/awt/Image;IILjava/awt/Color;Ljava/awt/image/ImageObserver;)Z
J  javax.swing.RepaintManager$PaintManager.paintDoubleBuffered(Ljavax/swing/JComponent;Ljava/awt/Image;Ljava/awt/Graphics;IIII)V
j  javax.swing.RepaintManager$PaintManager.paint(Ljavax/swing/JComponent;Ljavax/swing/JComponent;Ljava/awt/Graphics;IIII)Z+116
j  javax.swing.RepaintManager.paint(Ljavax/swing/JComponent;Ljavax/swing/JComponent;Ljava/awt/Graphics;IIII)V+52
J  javax.swing.JComponent.paint(Ljava/awt/Graphics;)V
j  java.awt.GraphicsCallback$PaintCallback.run(Ljava/awt/Component;Ljava/awt/Graphics;)V+2
j  sun.awt.SunGraphicsCallback.runOneComponent(Ljava/awt/Component;Ljava/awt/Rectangle;Ljava/awt/Graphics;Ljava/awt/Shape;I)V+155
j  sun.awt.SunGraphicsCallback.runComponents([Ljava/awt/Component;Ljava/awt/Graphics;I)V+104
j  java.awt.Container.paint(Ljava/awt/Graphics;)V+73
J  javax.swing.RepaintManager.paintDirtyRegions(Ljava/util/Map;)V
j  javax.swing.RepaintManager.paintDirtyRegions()V+46
j  javax.swing.RepaintManager.seqPaintDirtyRegions()V+73
j  javax.swing.SystemEventQueueUtilities$ComponentWorkRequest.run()V+36
J  java.awt.EventDispatchThread.pumpOneEventForFilters(I)Z
J  java.awt.EventDispatchThread.pumpEventsForFilter(ILjava/awt/Conditional;Ljava/awt/EventFilter;)V
j  java.awt.EventDispatchThread.pumpEventsForHierarchy(ILjava/awt/Conditional;Ljava/awt/Component;)V+11
j  java.awt.EventDispatchThread.pumpEvents(ILjava/awt/Conditional;)V+4
j  java.awt.EventDispatchThread.pumpEvents(Ljava/awt/Conditional;)V+3
j  java.awt.EventDispatchThread.run()V+9
v  ~StubRoutines::call_stub

---------------  P R O C E S S  ---------------

Java Threads: ( => current thread )
  0x0000000042752800 JavaThread "RequestQueue for GenericFileList" [_thread_blocked, id=4384, stack(0x0000000047180000,0x0000000047200000)]
  0x000000004274f800 JavaThread "pool-2-thread-1" [_thread_blocked, id=4916, stack(0x0000000046430000,0x00000000464b0000)]
  0x0000000042750800 JavaThread "Code Analyzer updating thread" [_thread_blocked, id=4528, stack(0x0000000046670000,0x00000000466f0000)]
  0x000000004274a800 JavaThread "Code Analyzer updating thread" [_thread_blocked, id=4736, stack(0x00000000464b0000,0x0000000046530000)]
  0x0000000042746800 JavaThread "Code Analyzer updating thread" [_thread_blocked, id=4688, stack(0x00000000325b0000,0x0000000032630000)]
  0x000000004274e800 JavaThread "Code Analyzer updating thread" [_thread_blocked, id=1164, stack(0x0000000043ef0000,0x0000000043f70000)]
  0x000000004274f000 JavaThread "Code Analyzer updating thread" [_thread_blocked, id=2316, stack(0x00000000463b0000,0x0000000046430000)]
  0x0000000042748000 JavaThread "Code Analyzer updating thread" [_thread_blocked, id=1248, stack(0x0000000054c30000,0x0000000054cb0000)]
  0x0000000042754000 JavaThread "Timer queue for AWT thread" daemon [_thread_blocked, id=3804, stack(0x00000000441d0000,0x0000000044250000)]
  0x0000000042755000 JavaThread "Foxtrot Single Worker Thread #1" daemon [_thread_blocked, id=4088, stack(0x0000000036590000,0x0000000036610000)]
  0x000000004274d000 JavaThread "Code Analyzer updating thread" [_thread_blocked, id=2708, stack(0x000000003ac60000,0x000000003ace0000)]
  0x000000004274b800 JavaThread "Code Analyzer updating thread" [_thread_blocked, id=1092, stack(0x0000000039230000,0x00000000392b0000)]
  0x0000000042749000 JavaThread "Active Reference Queue Daemon" daemon [_thread_blocked, id=3728, stack(0x00000000324a0000,0x0000000032520000)]
  0x0000000042747000 JavaThread "Timer-6" daemon [_thread_blocked, id=2800, stack(0x0000000037bf0000,0x0000000037c70000)]
  0x0000000042748800 JavaThread "Timer-5" daemon [_thread_blocked, id=2520, stack(0x000000000baa0000,0x000000000bb20000)]
  0x0000000042745800 JavaThread "Prefs Updater" daemon [_thread_blocked, id=2748, stack(0x0000000032520000,0x00000000325a0000)]
  0x00000000429dd000 JavaThread "Timer-1" [_thread_blocked, id=1040, stack(0x000000002b9f0000,0x000000002ba70000)]
  0x0000000041f26800 JavaThread "FelixPackageAdmin" daemon [_thread_blocked, id=3244, stack(0x0000000005b20000,0x0000000005ba0000)]
  0x0000000041f25800 JavaThread "FelixStartLevel" daemon [_thread_blocked, id=2296, stack(0x000000002a230000,0x000000002a2b0000)]
  0x00000000421a2800 JavaThread "FelixDispatchQueue" daemon [_thread_blocked, id=3020, stack(0x000000000ff20000,0x000000000ffa0000)]
  0x0000000040bfa800 JavaThread "TimerQueue" daemon [_thread_blocked, id=2460, stack(0x0000000005750000,0x00000000057d0000)]
=>0x0000000040bdd000 JavaThread "AWT-EventQueue-0" [_thread_in_native, id=3864, stack(0x0000000005290000,0x0000000005310000)]
  0x0000000041c2b000 JavaThread "AWT-Shutdown" [_thread_blocked, id=3120, stack(0x0000000004fc0000,0x0000000005040000)]
  0x0000000040bc5000 JavaThread "com.google.common.base.internal.Finalizer" daemon [_thread_blocked, id=3404, stack(0x00000000051c0000,0x0000000005240000)]
  0x0000000040b84800 JavaThread "AWT-Windows" daemon [_thread_in_native, id=3652, stack(0x0000000005100000,0x0000000005180000)]
  0x0000000040b7d800 JavaThread "Java2D Disposer" daemon [_thread_blocked, id=1364, stack(0x0000000004f20000,0x0000000004fa0000)]
  0x000000003ab84000 JavaThread "Timer-0" [_thread_blocked, id=3268, stack(0x000000002a2b0000,0x000000002a330000)]
  0x000000003ab20000 JavaThread "JMI Unnamed Thread" [_thread_in_native, id=2852, stack(0x00000000075b0000,0x0000000008ab0000)]
  0x000000003a892000 JavaThread "Low Memory Detector" daemon [_thread_blocked, id=3472, stack(0x000000000e560000,0x000000000e5e0000)]
  0x000000003a88c800 JavaThread "CompilerThread1" daemon [_thread_blocked, id=3316, stack(0x000000003d9e0000,0x000000003eee0000)]
  0x000000000ff1f000 JavaThread "CompilerThread0" daemon [_thread_blocked, id=3388, stack(0x000000003c3e0000,0x000000003d8e0000)]
  0x000000000ff1e800 JavaThread "Attach Listener" daemon [_thread_blocked, id=3228, stack(0x000000000fb80000,0x000000000fc00000)]
  0x000000000ff01000 JavaThread "Finalizer" daemon [_thread_blocked, id=3756, stack(0x0000000007510000,0x0000000007590000)]
  0x000000000fefe000 JavaThread "Reference Handler" daemon [_thread_blocked, id=3980, stack(0x000000000ba20000,0x000000000baa0000)]
  0x0000000001fff800 JavaThread "main" [_thread_in_native, id=1044, stack(0x0000000000070000,0x0000000001570000)]

Other Threads:
  0x000000003a841800 VMThread [stack: 0x000000003ad50000,0x000000003c250000] [id=2704]
  0x000000003a8a3800 WatcherThread [stack: 0x000000003ef40000,0x0000000040440000] [id=1168]

VM state:not at safepoint (normal execution)

VM Mutex/Monitor currently owned by a thread: None

Heap
 PSYoungGen      total 19136K, used 18451K [0x0000000025b80000, 0x0000000027890000, 0x0000000028c80000)
  eden space 13760K, 95% used [0x0000000025b80000,0x00000000268453a0,0x00000000268f0000)
  from space 5376K, 99% used [0x0000000026910000,0x0000000026e4f908,0x0000000026e50000)
  to   space 8000K, 0% used [0x00000000270c0000,0x00000000270c0000,0x0000000027890000)
 PSOldGen        total 125120K, used 122508K [0x000000001c880000, 0x00000000242b0000, 0x0000000025b80000)
  object space 125120K, 97% used [0x000000001c880000,0x0000000024023100,0x00000000242b0000)
 PSPermGen       total 112448K, used 67575K [0x0000000014880000, 0x000000001b650000, 0x000000001c880000)
  object space 112448K, 60% used [0x0000000014880000,0x0000000018a7dc08,0x000000001b650000)

Dynamic libraries:
0x000000013f670000 - 0x000000013f699000 	C:\Program Files\MATLAB\R2011a\bin\win64\MATLAB.exe
0x00000000773a0000 - 0x0000000077549000 	C:\Windows\SYSTEM32\ntdll.dll
0x0000000076f10000 - 0x000000007702f000 	C:\Windows\system32\kernel32.dll
0x000007fefda40000 - 0x000007fefdaac000 	C:\Windows\system32\KERNELBASE.dll
0x0000000074460000 - 0x0000000074569000 	C:\Program Files\MATLAB\R2011a\bin\win64\libut.dll
0x00000000758a0000 - 0x0000000075920000 	C:\Program Files\MATLAB\R2011a\bin\win64\libmwi18n.dll
0x0000000180000000 - 0x000000018000b000 	C:\Program Files\MATLAB\R2011a\bin\win64\libmwresource_core.dll
0x0000000062670000 - 0x0000000062743000 	C:\Windows\WinSxS\amd64_microsoft.vc90.crt_1fc8b3b9a1e18e3b_9.0.30729.4940_none_08e4299fa83d7e3c\MSVCP90.dll
0x00000000625d0000 - 0x000000006266d000 	C:\Windows\WinSxS\amd64_microsoft.vc90.crt_1fc8b3b9a1e18e3b_9.0.30729.4940_none_08e4299fa83d7e3c\MSVCR90.dll
0x000000007a3b0000 - 0x000000007a3c0000 	C:\Program Files\MATLAB\R2011a\bin\win64\boost_date_time-vc90-mt-1_40.dll
0x000000007a170000 - 0x000000007a189000 	C:\Program Files\MATLAB\R2011a\bin\win64\boost_filesystem-vc90-mt-1_40.dll
0x000000007a560000 - 0x000000007a569000 	C:\Program Files\MATLAB\R2011a\bin\win64\boost_system-vc90-mt-1_40.dll
0x000000007a2d0000 - 0x000000007a2e2000 	C:\Program Files\MATLAB\R2011a\bin\win64\boost_thread-vc90-mt-1_40.dll
0x000000007a010000 - 0x000000007a035000 	C:\Program Files\MATLAB\R2011a\bin\win64\LIBEXPAT.dll
0x00000000739d0000 - 0x0000000073b8c000 	C:\Program Files\MATLAB\R2011a\bin\win64\icuin42.dll
0x00000000740b0000 - 0x0000000074223000 	C:\Program Files\MATLAB\R2011a\bin\win64\icuuc42.dll
0x000007fefdfb0000 - 0x000007fefe08b000 	C:\Windows\system32\ADVAPI32.dll
0x000007fefe720000 - 0x000007fefe7bf000 	C:\Windows\system32\msvcrt.dll
0x000007fefe490000 - 0x000007fefe4af000 	C:\Windows\SYSTEM32\sechost.dll
0x000007fefdd40000 - 0x000007fefde6d000 	C:\Windows\system32\RPCRT4.dll
0x0000000010000000 - 0x0000000010f47000 	C:\Program Files\MATLAB\R2011a\bin\win64\icudt42.dll
0x0000000073f70000 - 0x000000007407d000 	C:\Program Files\MATLAB\R2011a\bin\win64\libmwfl.dll
0x0000000001770000 - 0x0000000001803000 	C:\Program Files\MATLAB\R2011a\bin\win64\libmwMATLAB_res.dll
0x000000007a250000 - 0x000000007a263000 	C:\Program Files\MATLAB\R2011a\bin\win64\boost_signals-vc90-mt-1_40.dll
0x0000000001830000 - 0x0000000001876000 	C:\Program Files\MATLAB\R2011a\bin\win64\tbb.dll
0x000007fefe3e0000 - 0x000007fefe3f7000 	C:\Windows\system32\imagehlp.dll
0x0000000077570000 - 0x0000000077577000 	C:\Windows\system32\PSAPI.DLL
0x000000007a3d0000 - 0x000000007a3e3000 	C:\Program Files\MATLAB\R2011a\bin\win64\icuio42.dll
0x000007fef1f50000 - 0x000007fef2075000 	C:\Windows\system32\dbghelp.dll
0x0000000076e10000 - 0x0000000076f0a000 	C:\Windows\system32\USER32.dll
0x000007fefdc30000 - 0x000007fefdc97000 	C:\Windows\system32\GDI32.dll
0x000007fefe710000 - 0x000007fefe71e000 	C:\Windows\system32\LPK.dll
0x000007fefe090000 - 0x000007fefe159000 	C:\Windows\system32\USP10.dll
0x000000007bed0000 - 0x000000007c0f5000 	C:\Program Files\MATLAB\R2011a\bin\win64\libmwservices.dll
0x0000000075a20000 - 0x0000000075ab2000 	C:\Program Files\MATLAB\R2011a\bin\win64\libmx.dll
0x000000007a210000 - 0x000000007a226000 	C:\Program Files\MATLAB\R2011a\bin\win64\zlib1.dll
0x0000000074330000 - 0x000000007444b000 	C:\Program Files\MATLAB\R2011a\bin\win64\libmwmathutil.dll
0x0000000062570000 - 0x00000000625c4000 	C:\Program Files\MATLAB\R2011a\bin\win64\mpath.dll
0x000000007b680000 - 0x000000007b982000 	C:\Program Files\MATLAB\R2011a\bin\win64\mlutil.dll
0x00000000624e0000 - 0x0000000062562000 	C:\Program Files\MATLAB\R2011a\bin\win64\xmlcore.dll
0x000000007bc30000 - 0x000000007be83000 	C:\Program Files\MATLAB\R2011a\bin\win64\xerces-c_2_7.dll
0x000007fefe6c0000 - 0x000007fefe70d000 	C:\Windows\system32\WS2_32.dll
0x000007fefe480000 - 0x000007fefe488000 	C:\Windows\system32\NSI.dll
0x000007fefe7c0000 - 0x000007feff548000 	C:\Windows\system32\SHELL32.dll
0x000007fefe400000 - 0x000007fefe471000 	C:\Windows\system32\SHLWAPI.dll
0x000007fef9f10000 - 0x000007fef9fb0000 	C:\Windows\WinSxS\amd64_microsoft.windows.common-controls_6595b64144ccf1df_5.82.7601.17514_none_a4d6a923711520a9\COMCTL32.dll
0x000007fefdca0000 - 0x000007fefdd37000 	C:\Windows\system32\COMDLG32.dll
0x000007fefb120000 - 0x000007fefb136000 	C:\Windows\system32\NETAPI32.dll
0x000007fefb110000 - 0x000007fefb11c000 	C:\Windows\system32\netutils.dll
0x000007fefd430000 - 0x000007fefd453000 	C:\Windows\system32\srvcli.dll
0x000007fefb0d0000 - 0x000007fefb0e5000 	C:\Windows\system32\wkscli.dll
0x000007fefe4b0000 - 0x000007fefe6b3000 	C:\Windows\system32\ole32.dll
0x000007feff550000 - 0x000007feff627000 	C:\Windows\system32\OLEAUT32.dll
0x0000000074970000 - 0x0000000074a34000 	C:\Program Files\MATLAB\R2011a\bin\win64\mcr.dll
0x0000000075000000 - 0x00000000750e4000 	C:\Program Files\MATLAB\R2011a\bin\win64\iqm.dll
0x0000000061d40000 - 0x00000000624dc000 	C:\Program Files\MATLAB\R2011a\bin\win64\m_interpreter.dll
0x00000000717d0000 - 0x00000000717df000 	C:\Program Files\MATLAB\R2011a\bin\win64\libmex.dll
0x0000000061c90000 - 0x0000000061d34000 	C:\Program Files\MATLAB\R2011a\bin\win64\m_dispatcher.dll
0x0000000074880000 - 0x0000000074945000 	C:\Program Files\MATLAB\R2011a\bin\win64\boost_regex-vc90-mt-1_40.dll
0x0000000061c10000 - 0x0000000061c8f000 	C:\Program Files\MATLAB\R2011a\bin\win64\profiler.dll
0x0000000079f40000 - 0x0000000079f6c000 	C:\Program Files\MATLAB\R2011a\bin\win64\libmwmathrng.dll
0x0000000061bf0000 - 0x0000000061c10000 	C:\Program Files\MATLAB\R2011a\bin\win64\m_pcodeio.dll
0x0000000079b10000 - 0x0000000079b71000 	C:\Program Files\MATLAB\R2011a\bin\win64\m_ir.dll
0x00000000615b0000 - 0x0000000061beb000 	C:\Program Files\MATLAB\R2011a\bin\win64\m_parser.dll
0x0000000061590000 - 0x00000000615a9000 	C:\Program Files\MATLAB\R2011a\bin\win64\ir_xfmr.dll
0x0000000061340000 - 0x000000006158b000 	C:\Program Files\MATLAB\R2011a\bin\win64\mcos.dll
0x000000006d8f0000 - 0x000000006d8fc000 	C:\Program Files\MATLAB\R2011a\bin\win64\mtok.dll
0x0000000061310000 - 0x000000006133b000 	C:\Program Files\MATLAB\R2011a\bin\win64\m_pcodegen.dll
0x0000000076160000 - 0x00000000761c2000 	C:\Program Files\MATLAB\R2011a\bin\win64\libmwspmatrix.dll
0x0000000079fb0000 - 0x0000000079fde000 	C:\Program Files\MATLAB\R2011a\bin\win64\libmwbridge.dll
0x0000000061250000 - 0x0000000061309000 	C:\Program Files\MATLAB\R2011a\bin\win64\udd.dll
0x0000000061100000 - 0x0000000061241000 	C:\Program Files\MATLAB\R2011a\bin\win64\libmwgui.dll
0x00000000610e0000 - 0x00000000610f7000 	C:\Program Files\MATLAB\R2011a\bin\win64\graphics_util.dll
0x0000000060860000 - 0x00000000610e0000 	C:\Program Files\MATLAB\R2011a\bin\win64\hg.dll
0x0000000076100000 - 0x000000007614f000 	C:\Program Files\MATLAB\R2011a\bin\win64\libmat.dll
0x0000000072d30000 - 0x0000000072f33000 	C:\Program Files\MATLAB\R2011a\bin\win64\libhdf5.dll
0x00000000607e0000 - 0x000000006085b000 	C:\Program Files\MATLAB\R2011a\bin\win64\jmi.dll
0x0000000001a90000 - 0x0000000001a9e000 	C:\Program Files\MATLAB\R2011a\bin\win64\nativejava_services.dll
0x00000000607a0000 - 0x00000000607dc000 	C:\Program Files\MATLAB\R2011a\bin\win64\libmwhardcopy.dll
0x0000000060740000 - 0x0000000060798000 	C:\Program Files\MATLAB\R2011a\bin\win64\libuij.dll
0x0000000060550000 - 0x0000000060733000 	C:\Program Files\MATLAB\R2011a\bin\win64\hgdatatypes.dll
0x0000000060490000 - 0x000000006054c000 	C:\Program Files\MATLAB\R2011a\bin\win64\hgutils.dll
0x0000000060410000 - 0x000000006048c000 	C:\Program Files\MATLAB\R2011a\bin\win64\libmwlapack.dll
0x00000000603f0000 - 0x0000000060402000 	C:\Program Files\MATLAB\R2011a\bin\win64\libmwbinder.dll
0x000000006d500000 - 0x000000006d50b000 	C:\Program Files\MATLAB\R2011a\bin\win64\libmwompwrapper.dll
0x0000000001b20000 - 0x0000000001de4000 	C:\Program Files\MATLAB\R2011a\bin\win64\uiw.dll
0x00000000603e0000 - 0x00000000603ea000 	C:\Program Files\MATLAB\R2011a\bin\win64\uinone.dll
0x000000005fef0000 - 0x00000000603d4000 	C:\Windows\WinSxS\amd64_microsoft.vc90.mfc_1fc8b3b9a1e18e3b_9.0.30729.4148_none_04480933ab2137b1\mfc90.dll
0x000007fefa2a0000 - 0x000007fefa2a7000 	C:\Windows\system32\MSIMG32.dll
0x000007fef9e90000 - 0x000007fef9f01000 	C:\Windows\system32\WINSPOOL.DRV
0x000000005fde0000 - 0x000000005fe89000 	C:\Program Files\MATLAB\R2011a\bin\win64\udd_mi.dll
0x000000005fdc0000 - 0x000000005fddb000 	C:\Program Files\MATLAB\R2011a\bin\win64\mwoles05.DLL
0x000000005fd50000 - 0x000000005fdbe000 	C:\Program Files\MATLAB\R2011a\bin\win64\comcli.dll
0x000000005fd20000 - 0x000000005fd4f000 	C:\Windows\WinSxS\amd64_microsoft.vc90.atl_1fc8b3b9a1e18e3b_9.0.30729.4148_none_0a1d2fcba76b3f00\ATL90.DLL
0x000000005fd10000 - 0x000000005fd1c000 	C:\Program Files\MATLAB\R2011a\bin\win64\mlautoregister.dll
0x0000000001e50000 - 0x0000000001e5d000 	C:\Program Files\MATLAB\R2011a\bin\win64\boost_iostreams-vc90-mt-1_40.dll
0x000007fefdf80000 - 0x000007fefdfae000 	C:\Windows\system32\IMM32.DLL
0x000007fefde70000 - 0x000007fefdf79000 	C:\Windows\system32\MSCTF.dll
0x000007fefb990000 - 0x000007fefb9e6000 	C:\Windows\system32\UxTheme.dll
0x000007fefcab0000 - 0x000007fefcac8000 	C:\Windows\system32\dwmapi.dll
0x000000005f9f0000 - 0x000000005f9fd000 	C:\Windows\WinSxS\amd64_microsoft.vc90.mfcloc_1fc8b3b9a1e18e3b_9.0.30729.4148_none_01c6b44660ce74c3\MFC90ENU.DLL
0x0000000002000000 - 0x0000000002029000 	C:\Program Files\MATLAB\R2011a\bin\win64\tbbmalloc.dll
0x000007fefd800000 - 0x000007fefd80f000 	C:\Windows\system32\profapi.dll
0x000007fefb560000 - 0x000007fefb587000 	C:\Windows\system32\iphlpapi.dll
0x000007fefb540000 - 0x000007fefb54b000 	C:\Windows\system32\WINNSI.DLL
0x000007fefcef0000 - 0x000007fefcf4b000 	C:\Windows\system32\DNSAPI.dll
0x000007fefb340000 - 0x000007fefb351000 	C:\Windows\system32\dhcpcsvc6.DLL
0x000007fefb2c0000 - 0x000007fefb2d8000 	C:\Windows\system32\dhcpcsvc.DLL
0x000000005f9e0000 - 0x000000005f9e3000 	C:\Windows\system32\icmp.Dll
0x000007fefd730000 - 0x000007fefd73f000 	C:\Windows\system32\CRYPTBASE.dll
0x000007fefdb90000 - 0x000007fefdbc6000 	C:\Windows\system32\CFGMGR32.dll
0x0000000078870000 - 0x0000000078ecd000 	C:\Program Files\MATLAB\R2011a\sys\java\jre\win64\jre\bin\server\jvm.dll
0x000007fefb630000 - 0x000007fefb66b000 	C:\Windows\system32\WINMM.dll
0x000000007a440000 - 0x000000007a44e000 	C:\Program Files\MATLAB\R2011a\sys\java\jre\win64\jre\bin\verify.dll
0x000000007a070000 - 0x000000007a097000 	C:\Program Files\MATLAB\R2011a\sys\java\jre\win64\jre\bin\java.dll
0x000000007a540000 - 0x000000007a54a000 	C:\Program Files\MATLAB\R2011a\sys\java\jre\win64\jre\bin\hpi.dll
0x000000007a370000 - 0x000000007a382000 	C:\Program Files\MATLAB\R2011a\sys\java\jre\win64\jre\bin\zip.dll
0x0000000075b90000 - 0x0000000075bfb000 	C:\Program Files\MATLAB\R2011a\sys\java\jre\win64\jre\bin\fontmanager.dll
0x0000000073150000 - 0x0000000073311000 	C:\Program Files\MATLAB\R2011a\sys\java\jre\win64\jre\bin\awt.dll
0x0000000079cf0000 - 0x0000000079d36000 	C:\Program Files\MATLAB\R2011a\bin\win64\nativejmi.dll
0x000000007a600000 - 0x000000007a608000 	C:\Program Files\MATLAB\R2011a\bin\win64\nativeservices.dll
0x000000007a0d0000 - 0x000000007a0e8000 	C:\Program Files\MATLAB\R2011a\bin\win64\nativejava.dll
0x000007fef88a0000 - 0x000007fef88b8000 	C:\Windows\system32\MPR.dll
0x000000007a230000 - 0x000000007a247000 	C:\Program Files\MATLAB\R2011a\sys\java\jre\win64\jre\bin\net.dll
0x000007fefd070000 - 0x000007fefd0c5000 	C:\Windows\system32\mswsock.dll
0x000007fefd060000 - 0x000007fefd067000 	C:\Windows\System32\wship6.dll
0x000000007a500000 - 0x000000007a50b000 	C:\Program Files\MATLAB\R2011a\sys\java\jre\win64\jre\bin\nio.dll
0x000000007a530000 - 0x000000007a53a000 	C:\Program Files\MATLAB\R2011a\bin\win64\nativelmgr.dll

VM Arguments:
jvm_args: -Xss512k -XX:PermSize=32m -Xms64m -XX:NewRatio=3 -XX:MaxPermSize=128m -Xmx196m -XX:MaxDirectMemorySize=2147400000 -Dsun.java2d.noddraw=true -Dsun.awt.nopixfmt=true -Xshare:off -Xrs -Dsun.awt.disableMixing=true -Djava.library.path=C:\Program Files\MATLAB\R2011a\bin\win64 vfprintf abort 
java_command: <unknown>
Launcher Type: generic

Environment Variables:
PATH=C:\Windows\system32;C:\Windows;C:\Windows\System32\Wbem;C:\Windows\System32\WindowsPowerShell\v1.0\;C:\Program Files\MATLAB\R2011a\runtime\win64;C:\Program Files\MATLAB\R2011a\bin;c:\Program Files (x86)\Microsoft SQL Server\90\Tools\binn\;C:\ProgramData\NVIDIA Corporation\NVID4IA GPU Computing SDK 4.1\C\common\bin;C:\Program Files\Microsoft Windows Performance Toolkit\;C:\Program Files\NVIDIA GPU Computing Toolkit\CUDA\v4.0\bin\;C:\Program Files\NVIDIA GPU Computing Toolkit\CUDA\v4.1\\bin;C:\Program Files\NVIDIA GPU Computing Toolkit\CUDA\v4.1\libnvvp\;C:\Program Files (x86)\NVIDIA Corporation\PhysX\Common;C:\Program Files (x86)\Microsoft Visual Studio 10.0\VC\bin
USERNAME=Cmor
OS=Windows_NT
PROCESSOR_IDENTIFIER=Intel64 Family 6 Model 26 Stepping 5, GenuineIntel



---------------  S Y S T E M  ---------------

OS: Windows 7 Build 7601 Service Pack 1

CPU:total 16 (8 cores per cpu, 2 threads per core) family 6 model 26 stepping 5, cmov, cx8, fxsr, mmx, sse, sse2, sse3, ssse3, sse4.1, sse4.2, ht

Memory: 4k page, physical 20962256k(16914284k free), swap 41922660k(37418984k free)

vm_info: Java HotSpot(TM) 64-Bit Server VM (14.3-b01) for windows-amd64 JRE (1.6.0_17-b04), built on Oct 11 2009 00:46:08 by "java_re" with MS VC++ 8.0

time: Mon Apr 09 09:33:19 2012
elapsed time: 258503 seconds

